2024-09-12 14:16:04,326 Generated random array: [18, 17, 8, 13, 7, 10, 14, 4, 3, 18, 15, 9, 17, 18, 4, 17, 17, 4, 4, 6]
2024-09-12 14:16:04,326 Starting mergeSort on array: [18, 17, 8, 13, 7, 10, 14, 4, 3, 18, 15, 9, 17, 18, 4, 17, 17, 4, 4, 6]
2024-09-12 14:16:04,326 Starting mergeSort on array: [18, 17, 8, 13, 7, 10, 14, 4, 3, 18]
2024-09-12 14:16:04,326 Starting mergeSort on array: [18, 17, 8, 13, 7]
2024-09-12 14:16:04,326 Starting mergeSort on array: [18, 17]
2024-09-12 14:16:04,326 Starting mergeSort on array: [18]
2024-09-12 14:16:04,327 Left half sorted: [18]
2024-09-12 14:16:04,327 Starting mergeSort on array: [17]
2024-09-12 14:16:04,327 Right half sorted: [17]
2024-09-12 14:16:04,327 Recombining arrays: Left = [18], Right = [17]
2024-09-12 14:16:04,328 Merged array (incorrect): [17, None]
2024-09-12 14:16:04,328 Left half sorted: [17, None]
2024-09-12 14:16:04,329 Starting mergeSort on array: [8, 13, 7]
2024-09-12 14:16:04,329 Starting mergeSort on array: [8]
2024-09-12 14:16:04,329 Left half sorted: [8]
2024-09-12 14:16:04,329 Starting mergeSort on array: [13, 7]
2024-09-12 14:16:04,329 Starting mergeSort on array: [13]
2024-09-12 14:16:04,329 Left half sorted: [13]
2024-09-12 14:16:04,329 Starting mergeSort on array: [7]
2024-09-12 14:16:04,329 Right half sorted: [7]
2024-09-12 14:16:04,330 Recombining arrays: Left = [13], Right = [7]
2024-09-12 14:16:04,330 Merged array (incorrect): [7, None]
2024-09-12 14:16:04,330 Right half sorted: [7, None]
2024-09-12 14:16:04,330 Recombining arrays: Left = [8], Right = [7, None]
2024-09-12 14:20:11,511 Generated random array: [1, 4, 3, 13, 9, 11, 3, 17, 4, 2, 11, 7, 6, 6, 20, 20, 15, 12, 3, 10]
2024-09-12 14:20:11,512 Array correctly generated with no None values.
2024-09-12 14:20:11,512 Starting mergeSort on array: [1, 4, 3, 13, 9, 11, 3, 17, 4, 2, 11, 7, 6, 6, 20, 20, 15, 12, 3, 10]
2024-09-12 14:20:11,512 Starting mergeSort on array: [1, 4, 3, 13, 9, 11, 3, 17, 4, 2]
2024-09-12 14:20:11,512 Starting mergeSort on array: [1, 4, 3, 13, 9]
2024-09-12 14:20:11,512 Starting mergeSort on array: [1, 4]
2024-09-12 14:20:11,512 Starting mergeSort on array: [1]
2024-09-12 14:20:11,512 Left half sorted: [1]
2024-09-12 14:20:11,513 Starting mergeSort on array: [4]
2024-09-12 14:20:11,513 Right half sorted: [4]
2024-09-12 14:20:11,513 Recombining arrays: Left = [1], Right = [4]
2024-09-12 14:20:11,513 Merged array (incorrect): [1, None]
2024-09-12 14:20:11,513 Left half sorted: [1, None]
2024-09-12 14:20:11,513 Starting mergeSort on array: [3, 13, 9]
2024-09-12 14:20:11,513 Starting mergeSort on array: [3]
2024-09-12 14:20:11,513 Left half sorted: [3]
2024-09-12 14:20:11,514 Starting mergeSort on array: [13, 9]
2024-09-12 14:20:11,514 Starting mergeSort on array: [13]
2024-09-12 14:20:11,514 Left half sorted: [13]
2024-09-12 14:20:11,514 Starting mergeSort on array: [9]
2024-09-12 14:20:11,514 Right half sorted: [9]
2024-09-12 14:20:11,514 Recombining arrays: Left = [13], Right = [9]
2024-09-12 14:20:11,514 Merged array (incorrect): [9, None]
2024-09-12 14:20:11,514 Right half sorted: [9, None]
2024-09-12 14:20:11,515 Recombining arrays: Left = [3], Right = [9, None]
2024-09-12 14:20:11,515 Merged array (incorrect): [3, None, None]
2024-09-12 14:20:11,515 Right half sorted: [3, None, None]
2024-09-12 14:20:11,515 Recombining arrays: Left = [1, None], Right = [3, None, None]
2024-09-12 14:22:05,082 Generated random array: [14, 12, 4, 5, 6, 2, 18, 16, 5, 9, 19, 20, 5, 13, 2, 16, 6, 4, 3, 16]
2024-09-12 14:22:05,083 Array correctly generated with no None values.
2024-09-12 14:22:05,083 Starting mergeSort on array: [14, 12, 4, 5, 6, 2, 18, 16, 5, 9, 19, 20, 5, 13, 2, 16, 6, 4, 3, 16]
2024-09-12 14:22:05,083 Starting mergeSort on array: [14, 12, 4, 5, 6, 2, 18, 16, 5, 9]
2024-09-12 14:22:05,083 Starting mergeSort on array: [14, 12, 4, 5, 6]
2024-09-12 14:22:05,083 Starting mergeSort on array: [14, 12]
2024-09-12 14:22:05,084 Starting mergeSort on array: [14]
2024-09-12 14:22:05,084 Left half sorted: [14]
2024-09-12 14:22:05,084 Starting mergeSort on array: [12]
2024-09-12 14:22:05,084 Right half sorted: [12]
2024-09-12 14:22:05,084 Recombining arrays: Left = [14], Right = [12]
2024-09-12 14:22:05,084 Merged array: [12, 14]
2024-09-12 14:22:05,084 Left half sorted: [12, 14]
2024-09-12 14:22:05,085 Starting mergeSort on array: [4, 5, 6]
2024-09-12 14:22:05,085 Starting mergeSort on array: [4]
2024-09-12 14:22:05,085 Left half sorted: [4]
2024-09-12 14:22:05,085 Starting mergeSort on array: [5, 6]
2024-09-12 14:22:05,085 Starting mergeSort on array: [5]
2024-09-12 14:22:05,085 Left half sorted: [5]
2024-09-12 14:22:05,085 Starting mergeSort on array: [6]
2024-09-12 14:22:05,085 Right half sorted: [6]
2024-09-12 14:22:05,085 Recombining arrays: Left = [5], Right = [6]
2024-09-12 14:22:05,086 Merged array: [5, 6]
2024-09-12 14:22:05,086 Right half sorted: [5, 6]
2024-09-12 14:22:05,086 Recombining arrays: Left = [4], Right = [5, 6]
2024-09-12 14:22:05,086 Merged array: [4, 5, 6]
2024-09-12 14:22:05,086 Right half sorted: [4, 5, 6]
2024-09-12 14:22:05,086 Recombining arrays: Left = [12, 14], Right = [4, 5, 6]
2024-09-12 14:22:05,086 Merged array: [4, 5, 6, 12, 14]
2024-09-12 14:22:05,086 Left half sorted: [4, 5, 6, 12, 14]
2024-09-12 14:22:05,087 Starting mergeSort on array: [2, 18, 16, 5, 9]
2024-09-12 14:22:05,087 Starting mergeSort on array: [2, 18]
2024-09-12 14:22:05,087 Starting mergeSort on array: [2]
2024-09-12 14:22:05,087 Left half sorted: [2]
2024-09-12 14:22:05,087 Starting mergeSort on array: [18]
2024-09-12 14:22:05,087 Right half sorted: [18]
2024-09-12 14:22:05,087 Recombining arrays: Left = [2], Right = [18]
2024-09-12 14:22:05,087 Merged array: [2, 18]
2024-09-12 14:22:05,088 Left half sorted: [2, 18]
2024-09-12 14:22:05,088 Starting mergeSort on array: [16, 5, 9]
2024-09-12 14:22:05,088 Starting mergeSort on array: [16]
2024-09-12 14:22:05,088 Left half sorted: [16]
2024-09-12 14:22:05,088 Starting mergeSort on array: [5, 9]
2024-09-12 14:22:05,089 Starting mergeSort on array: [5]
2024-09-12 14:22:05,089 Left half sorted: [5]
2024-09-12 14:22:05,089 Starting mergeSort on array: [9]
2024-09-12 14:22:05,089 Right half sorted: [9]
2024-09-12 14:22:05,089 Recombining arrays: Left = [5], Right = [9]
2024-09-12 14:22:05,089 Merged array: [5, 9]
2024-09-12 14:22:05,089 Right half sorted: [5, 9]
2024-09-12 14:22:05,089 Recombining arrays: Left = [16], Right = [5, 9]
2024-09-12 14:22:05,090 Merged array: [5, 9, 16]
2024-09-12 14:22:05,090 Right half sorted: [5, 9, 16]
2024-09-12 14:22:05,090 Recombining arrays: Left = [2, 18], Right = [5, 9, 16]
2024-09-12 14:22:05,090 Merged array: [2, 5, 9, 16, 18]
2024-09-12 14:22:05,090 Right half sorted: [2, 5, 9, 16, 18]
2024-09-12 14:22:05,090 Recombining arrays: Left = [4, 5, 6, 12, 14], Right = [2, 5, 9, 16, 18]
2024-09-12 14:22:05,090 Merged array: [2, 4, 5, 5, 6, 9, 12, 14, 16, 18]
2024-09-12 14:22:05,090 Left half sorted: [2, 4, 5, 5, 6, 9, 12, 14, 16, 18]
2024-09-12 14:22:05,090 Starting mergeSort on array: [19, 20, 5, 13, 2, 16, 6, 4, 3, 16]
2024-09-12 14:22:05,090 Starting mergeSort on array: [19, 20, 5, 13, 2]
2024-09-12 14:22:05,090 Starting mergeSort on array: [19, 20]
2024-09-12 14:22:05,090 Starting mergeSort on array: [19]
2024-09-12 14:22:05,090 Left half sorted: [19]
2024-09-12 14:22:05,090 Starting mergeSort on array: [20]
2024-09-12 14:22:05,091 Right half sorted: [20]
2024-09-12 14:22:05,091 Recombining arrays: Left = [19], Right = [20]
2024-09-12 14:22:05,091 Merged array: [19, 20]
2024-09-12 14:22:05,091 Left half sorted: [19, 20]
2024-09-12 14:22:05,091 Starting mergeSort on array: [5, 13, 2]
2024-09-12 14:22:05,091 Starting mergeSort on array: [5]
2024-09-12 14:22:05,091 Left half sorted: [5]
2024-09-12 14:22:05,091 Starting mergeSort on array: [13, 2]
2024-09-12 14:22:05,091 Starting mergeSort on array: [13]
2024-09-12 14:22:05,091 Left half sorted: [13]
2024-09-12 14:22:05,091 Starting mergeSort on array: [2]
2024-09-12 14:22:05,091 Right half sorted: [2]
2024-09-12 14:22:05,091 Recombining arrays: Left = [13], Right = [2]
2024-09-12 14:22:05,091 Merged array: [2, 13]
2024-09-12 14:22:05,091 Right half sorted: [2, 13]
2024-09-12 14:22:05,091 Recombining arrays: Left = [5], Right = [2, 13]
2024-09-12 14:22:05,091 Merged array: [2, 5, 13]
2024-09-12 14:22:05,091 Right half sorted: [2, 5, 13]
2024-09-12 14:22:05,091 Recombining arrays: Left = [19, 20], Right = [2, 5, 13]
2024-09-12 14:22:05,091 Merged array: [2, 5, 13, 19, 20]
2024-09-12 14:22:05,092 Left half sorted: [2, 5, 13, 19, 20]
2024-09-12 14:22:05,092 Starting mergeSort on array: [16, 6, 4, 3, 16]
2024-09-12 14:22:05,092 Starting mergeSort on array: [16, 6]
2024-09-12 14:22:05,092 Starting mergeSort on array: [16]
2024-09-12 14:22:05,092 Left half sorted: [16]
2024-09-12 14:22:05,092 Starting mergeSort on array: [6]
2024-09-12 14:22:05,092 Right half sorted: [6]
2024-09-12 14:22:05,092 Recombining arrays: Left = [16], Right = [6]
2024-09-12 14:22:05,092 Merged array: [6, 16]
2024-09-12 14:22:05,092 Left half sorted: [6, 16]
2024-09-12 14:22:05,092 Starting mergeSort on array: [4, 3, 16]
2024-09-12 14:22:05,092 Starting mergeSort on array: [4]
2024-09-12 14:22:05,092 Left half sorted: [4]
2024-09-12 14:22:05,092 Starting mergeSort on array: [3, 16]
2024-09-12 14:22:05,092 Starting mergeSort on array: [3]
2024-09-12 14:22:05,092 Left half sorted: [3]
2024-09-12 14:22:05,092 Starting mergeSort on array: [16]
2024-09-12 14:22:05,092 Right half sorted: [16]
2024-09-12 14:22:05,092 Recombining arrays: Left = [3], Right = [16]
2024-09-12 14:22:05,093 Merged array: [3, 16]
2024-09-12 14:22:05,093 Right half sorted: [3, 16]
2024-09-12 14:22:05,093 Recombining arrays: Left = [4], Right = [3, 16]
2024-09-12 14:22:05,093 Merged array: [3, 4, 16]
2024-09-12 14:22:05,093 Right half sorted: [3, 4, 16]
2024-09-12 14:22:05,093 Recombining arrays: Left = [6, 16], Right = [3, 4, 16]
2024-09-12 14:22:05,093 Merged array: [3, 4, 6, 16, 16]
2024-09-12 14:22:05,093 Right half sorted: [3, 4, 6, 16, 16]
2024-09-12 14:22:05,093 Recombining arrays: Left = [2, 5, 13, 19, 20], Right = [3, 4, 6, 16, 16]
2024-09-12 14:22:05,093 Merged array: [2, 3, 4, 5, 6, 13, 16, 16, 19, 20]
2024-09-12 14:22:05,093 Right half sorted: [2, 3, 4, 5, 6, 13, 16, 16, 19, 20]
2024-09-12 14:22:05,093 Recombining arrays: Left = [2, 4, 5, 5, 6, 9, 12, 14, 16, 18], Right = [2, 3, 4, 5, 6, 13, 16, 16, 19, 20]
2024-09-12 14:22:05,093 Merged array: [2, 2, 3, 4, 4, 5, 5, 5, 6, 6, 9, 12, 13, 14, 16, 16, 16, 18, 19, 20]
2024-09-12 14:22:05,093 Final sorted array: [2, 2, 3, 4, 4, 5, 5, 5, 6, 6, 9, 12, 13, 14, 16, 16, 16, 18, 19, 20]
2024-09-12 14:23:51,457 CORRECT LOG
2024-09-12 14:23:51,518 Generated random array: [4, 5, 11, 5, 12, 18, 20, 11, 8, 16, 19, 12, 4, 11, 4, 11, 16, 20, 13, 6]
2024-09-12 14:23:51,518 Array correctly generated with no None values.
2024-09-12 14:23:51,518 Starting mergeSort on array: [4, 5, 11, 5, 12, 18, 20, 11, 8, 16, 19, 12, 4, 11, 4, 11, 16, 20, 13, 6]
2024-09-12 14:23:51,518 Starting mergeSort on array: [4, 5, 11, 5, 12, 18, 20, 11, 8, 16]
2024-09-12 14:23:51,518 Starting mergeSort on array: [4, 5, 11, 5, 12]
2024-09-12 14:23:51,518 Starting mergeSort on array: [4, 5]
2024-09-12 14:23:51,518 Starting mergeSort on array: [4]
2024-09-12 14:23:51,519 Left half sorted: [4]
2024-09-12 14:23:51,519 Starting mergeSort on array: [5]
2024-09-12 14:23:51,519 Right half sorted: [5]
2024-09-12 14:23:51,519 Recombining arrays: Left = [4], Right = [5]
2024-09-12 14:23:51,519 Merged array: [4, 5]
2024-09-12 14:23:51,519 Left half sorted: [4, 5]
2024-09-12 14:23:51,519 Starting mergeSort on array: [11, 5, 12]
2024-09-12 14:23:51,519 Starting mergeSort on array: [11]
2024-09-12 14:23:51,519 Left half sorted: [11]
2024-09-12 14:23:51,519 Starting mergeSort on array: [5, 12]
2024-09-12 14:23:51,519 Starting mergeSort on array: [5]
2024-09-12 14:23:51,519 Left half sorted: [5]
2024-09-12 14:23:51,519 Starting mergeSort on array: [12]
2024-09-12 14:23:51,519 Right half sorted: [12]
2024-09-12 14:23:51,520 Recombining arrays: Left = [5], Right = [12]
2024-09-12 14:23:51,520 Merged array: [5, 12]
2024-09-12 14:23:51,520 Right half sorted: [5, 12]
2024-09-12 14:23:51,520 Recombining arrays: Left = [11], Right = [5, 12]
2024-09-12 14:23:51,520 Merged array: [5, 11, 12]
2024-09-12 14:23:51,520 Right half sorted: [5, 11, 12]
2024-09-12 14:23:51,520 Recombining arrays: Left = [4, 5], Right = [5, 11, 12]
2024-09-12 14:23:51,520 Merged array: [4, 5, 5, 11, 12]
2024-09-12 14:23:51,520 Left half sorted: [4, 5, 5, 11, 12]
2024-09-12 14:23:51,520 Starting mergeSort on array: [18, 20, 11, 8, 16]
2024-09-12 14:23:51,520 Starting mergeSort on array: [18, 20]
2024-09-12 14:23:51,520 Starting mergeSort on array: [18]
2024-09-12 14:23:51,520 Left half sorted: [18]
2024-09-12 14:23:51,520 Starting mergeSort on array: [20]
2024-09-12 14:23:51,520 Right half sorted: [20]
2024-09-12 14:23:51,520 Recombining arrays: Left = [18], Right = [20]
2024-09-12 14:23:51,521 Merged array: [18, 20]
2024-09-12 14:23:51,521 Left half sorted: [18, 20]
2024-09-12 14:23:51,521 Starting mergeSort on array: [11, 8, 16]
2024-09-12 14:23:51,521 Starting mergeSort on array: [11]
2024-09-12 14:23:51,521 Left half sorted: [11]
2024-09-12 14:23:51,521 Starting mergeSort on array: [8, 16]
2024-09-12 14:23:51,521 Starting mergeSort on array: [8]
2024-09-12 14:23:51,521 Left half sorted: [8]
2024-09-12 14:23:51,521 Starting mergeSort on array: [16]
2024-09-12 14:23:51,521 Right half sorted: [16]
2024-09-12 14:23:51,521 Recombining arrays: Left = [8], Right = [16]
2024-09-12 14:23:51,521 Merged array: [8, 16]
2024-09-12 14:23:51,521 Right half sorted: [8, 16]
2024-09-12 14:23:51,521 Recombining arrays: Left = [11], Right = [8, 16]
2024-09-12 14:23:51,521 Merged array: [8, 11, 16]
2024-09-12 14:23:51,521 Right half sorted: [8, 11, 16]
2024-09-12 14:23:51,521 Recombining arrays: Left = [18, 20], Right = [8, 11, 16]
2024-09-12 14:23:51,521 Merged array: [8, 11, 16, 18, 20]
2024-09-12 14:23:51,521 Right half sorted: [8, 11, 16, 18, 20]
2024-09-12 14:23:51,521 Recombining arrays: Left = [4, 5, 5, 11, 12], Right = [8, 11, 16, 18, 20]
2024-09-12 14:23:51,522 Merged array: [4, 5, 5, 8, 11, 11, 12, 16, 18, 20]
2024-09-12 14:23:51,522 Left half sorted: [4, 5, 5, 8, 11, 11, 12, 16, 18, 20]
2024-09-12 14:23:51,522 Starting mergeSort on array: [19, 12, 4, 11, 4, 11, 16, 20, 13, 6]
2024-09-12 14:23:51,522 Starting mergeSort on array: [19, 12, 4, 11, 4]
2024-09-12 14:23:51,522 Starting mergeSort on array: [19, 12]
2024-09-12 14:23:51,522 Starting mergeSort on array: [19]
2024-09-12 14:23:51,522 Left half sorted: [19]
2024-09-12 14:23:51,522 Starting mergeSort on array: [12]
2024-09-12 14:23:51,522 Right half sorted: [12]
2024-09-12 14:23:51,522 Recombining arrays: Left = [19], Right = [12]
2024-09-12 14:23:51,522 Merged array: [12, 19]
2024-09-12 14:23:51,522 Left half sorted: [12, 19]
2024-09-12 14:23:51,522 Starting mergeSort on array: [4, 11, 4]
2024-09-12 14:23:51,522 Starting mergeSort on array: [4]
2024-09-12 14:23:51,522 Left half sorted: [4]
2024-09-12 14:23:51,522 Starting mergeSort on array: [11, 4]
2024-09-12 14:23:51,522 Starting mergeSort on array: [11]
2024-09-12 14:23:51,522 Left half sorted: [11]
2024-09-12 14:23:51,522 Starting mergeSort on array: [4]
2024-09-12 14:23:51,522 Right half sorted: [4]
2024-09-12 14:23:51,523 Recombining arrays: Left = [11], Right = [4]
2024-09-12 14:23:51,523 Merged array: [4, 11]
2024-09-12 14:23:51,523 Right half sorted: [4, 11]
2024-09-12 14:23:51,523 Recombining arrays: Left = [4], Right = [4, 11]
2024-09-12 14:23:51,523 Merged array: [4, 4, 11]
2024-09-12 14:23:51,523 Right half sorted: [4, 4, 11]
2024-09-12 14:23:51,523 Recombining arrays: Left = [12, 19], Right = [4, 4, 11]
2024-09-12 14:23:51,523 Merged array: [4, 4, 11, 12, 19]
2024-09-12 14:23:51,523 Left half sorted: [4, 4, 11, 12, 19]
2024-09-12 14:23:51,523 Starting mergeSort on array: [11, 16, 20, 13, 6]
2024-09-12 14:23:51,523 Starting mergeSort on array: [11, 16]
2024-09-12 14:23:51,523 Starting mergeSort on array: [11]
2024-09-12 14:23:51,523 Left half sorted: [11]
2024-09-12 14:23:51,523 Starting mergeSort on array: [16]
2024-09-12 14:23:51,523 Right half sorted: [16]
2024-09-12 14:23:51,523 Recombining arrays: Left = [11], Right = [16]
2024-09-12 14:23:51,523 Merged array: [11, 16]
2024-09-12 14:23:51,523 Left half sorted: [11, 16]
2024-09-12 14:23:51,523 Starting mergeSort on array: [20, 13, 6]
2024-09-12 14:23:51,523 Starting mergeSort on array: [20]
2024-09-12 14:23:51,524 Left half sorted: [20]
2024-09-12 14:23:51,524 Starting mergeSort on array: [13, 6]
2024-09-12 14:23:51,524 Starting mergeSort on array: [13]
2024-09-12 14:23:51,524 Left half sorted: [13]
2024-09-12 14:23:51,524 Starting mergeSort on array: [6]
2024-09-12 14:23:51,524 Right half sorted: [6]
2024-09-12 14:23:51,524 Recombining arrays: Left = [13], Right = [6]
2024-09-12 14:23:51,524 Merged array: [6, 13]
2024-09-12 14:23:51,524 Right half sorted: [6, 13]
2024-09-12 14:23:51,524 Recombining arrays: Left = [20], Right = [6, 13]
2024-09-12 14:23:51,524 Merged array: [6, 13, 20]
2024-09-12 14:23:51,524 Right half sorted: [6, 13, 20]
2024-09-12 14:23:51,524 Recombining arrays: Left = [11, 16], Right = [6, 13, 20]
2024-09-12 14:23:51,524 Merged array: [6, 11, 13, 16, 20]
2024-09-12 14:23:51,524 Right half sorted: [6, 11, 13, 16, 20]
2024-09-12 14:23:51,524 Recombining arrays: Left = [4, 4, 11, 12, 19], Right = [6, 11, 13, 16, 20]
2024-09-12 14:23:51,524 Merged array: [4, 4, 6, 11, 11, 12, 13, 16, 19, 20]
2024-09-12 14:23:51,524 Right half sorted: [4, 4, 6, 11, 11, 12, 13, 16, 19, 20]
2024-09-12 14:23:51,524 Recombining arrays: Left = [4, 5, 5, 8, 11, 11, 12, 16, 18, 20], Right = [4, 4, 6, 11, 11, 12, 13, 16, 19, 20]
2024-09-12 14:23:51,524 Merged array: [4, 4, 4, 5, 5, 6, 8, 11, 11, 11, 11, 12, 12, 13, 16, 16, 18, 19, 20, 20]
2024-09-12 14:23:51,525 Final sorted array: [4, 4, 4, 5, 5, 6, 8, 11, 11, 11, 11, 12, 12, 13, 16, 16, 18, 19, 20, 20]
