2024-09-11 20:30:20,513 NEW LOG
2024-09-11 20:30:20,543 Initial array: [3, 15, 2, 2, 2, 9, 7, 16, 1, 13]
2024-09-11 20:30:20,543 Sorting array: [3, 15, 2, 2, 2, 9, 7, 16, 1, 13]
2024-09-11 20:30:20,543 Sorting array: [3, 15, 2, 2, 2]
2024-09-11 20:30:20,543 Sorting array: [3, 15]
2024-09-11 20:30:20,544 Sorting array: [3]
2024-09-11 20:30:20,544 Sorting array: [15]
2024-09-11 20:30:20,544 Recombining: [3], [15]
2024-09-11 20:30:20,544 Merged array: [3, 15]
2024-09-11 20:30:20,544 Sorting array: [2, 2, 2]
2024-09-11 20:30:20,544 Sorting array: [2]
2024-09-11 20:30:20,544 Sorting array: [2, 2]
2024-09-11 20:30:20,544 Sorting array: [2]
2024-09-11 20:30:20,544 Sorting array: [2]
2024-09-11 20:30:20,544 Recombining: [2], [2]
2024-09-11 20:30:20,544 Merged array: [2, 2]
2024-09-11 20:30:20,544 Recombining: [2], [2, 2]
2024-09-11 20:30:20,544 Merged array: [2, 2, 2]
2024-09-11 20:30:20,544 Recombining: [3, 15], [2, 2, 2]
2024-09-11 20:30:20,544 Merged array: [2, 2, 2, 15, None]
2024-09-11 20:30:20,544 Sorting array: [9, 7, 16, 1, 13]
2024-09-11 20:30:20,545 Sorting array: [9, 7]
2024-09-11 20:30:20,545 Sorting array: [9]
2024-09-11 20:30:20,545 Sorting array: [7]
2024-09-11 20:30:20,545 Recombining: [9], [7]
2024-09-11 20:30:20,545 Merged array: [7, 9]
2024-09-11 20:30:20,545 Sorting array: [16, 1, 13]
2024-09-11 20:30:20,545 Sorting array: [16]
2024-09-11 20:30:20,545 Sorting array: [1, 13]
2024-09-11 20:30:20,545 Sorting array: [1]
2024-09-11 20:30:20,545 Sorting array: [13]
2024-09-11 20:30:20,545 Recombining: [1], [13]
2024-09-11 20:30:20,545 Merged array: [1, 13]
2024-09-11 20:30:20,546 Recombining: [16], [1, 13]
2024-09-11 20:30:20,546 Merged array: [1, 13, 16]
2024-09-11 20:30:20,546 Recombining: [7, 9], [1, 13, 16]
2024-09-11 20:30:20,546 Merged array: [1, 7, 9, 16, None]
2024-09-11 20:30:20,546 Recombining: [2, 2, 2, 15, None], [1, 7, 9, 16, None]
2024-09-11 20:30:55,623 NEW LOG
2024-09-11 20:30:55,654 Initial array: [6, 6, 12, 10, 3, 5, 16, 2, 18, 4]
2024-09-11 20:30:55,654 Sorting array: [6, 6, 12, 10, 3, 5, 16, 2, 18, 4]
2024-09-11 20:30:55,654 Sorting array: [6, 6, 12, 10, 3]
2024-09-11 20:30:55,654 Sorting array: [6, 6]
2024-09-11 20:30:55,654 Sorting array: [6]
2024-09-11 20:30:55,654 Sorting array: [6]
2024-09-11 20:30:55,654 Recombining: [6], [6]
2024-09-11 20:30:55,654 Merged array: [6, 6]
2024-09-11 20:30:55,654 Sorting array: [12, 10, 3]
2024-09-11 20:30:55,654 Sorting array: [12]
2024-09-11 20:30:55,654 Sorting array: [10, 3]
2024-09-11 20:30:55,654 Sorting array: [10]
2024-09-11 20:30:55,654 Sorting array: [3]
2024-09-11 20:30:55,655 Recombining: [10], [3]
2024-09-11 20:30:55,655 Merged array: [3, 10]
2024-09-11 20:30:55,655 Recombining: [12], [3, 10]
2024-09-11 20:30:55,655 Merged array: [3, 10, 12]
2024-09-11 20:30:55,655 Recombining: [6, 6], [3, 10, 12]
2024-09-11 20:30:55,655 Merged array: [3, 6, 6, 10, 12]
2024-09-11 20:30:55,655 Sorting array: [5, 16, 2, 18, 4]
2024-09-11 20:30:55,655 Sorting array: [5, 16]
2024-09-11 20:30:55,655 Sorting array: [5]
2024-09-11 20:30:55,655 Sorting array: [16]
2024-09-11 20:30:55,655 Recombining: [5], [16]
2024-09-11 20:30:55,655 Merged array: [5, 16]
2024-09-11 20:30:55,655 Sorting array: [2, 18, 4]
2024-09-11 20:30:55,655 Sorting array: [2]
2024-09-11 20:30:55,655 Sorting array: [18, 4]
2024-09-11 20:30:55,655 Sorting array: [18]
2024-09-11 20:30:55,655 Sorting array: [4]
2024-09-11 20:30:55,655 Recombining: [18], [4]
2024-09-11 20:30:55,655 Merged array: [4, 18]
2024-09-11 20:30:55,655 Recombining: [2], [4, 18]
2024-09-11 20:30:55,656 Merged array: [2, 4, 18]
2024-09-11 20:30:55,656 Recombining: [5, 16], [2, 4, 18]
2024-09-11 20:30:55,656 Merged array: [2, 4, 5, 16, 18]
2024-09-11 20:30:55,656 Recombining: [3, 6, 6, 10, 12], [2, 4, 5, 16, 18]
2024-09-11 20:30:55,656 Merged array: [2, 3, 4, 5, 6, 6, 10, 12, 16, 18]
2024-09-11 20:30:55,656 Sorted array: [2, 3, 4, 5, 6, 6, 10, 12, 16, 18]
2024-09-11 20:32:01,346 NEW LOG
2024-09-11 20:32:01,412 Initial array: [15, 13, 9, 3, 2, 16, 12, 18, 5, 10, 3, 6, 14, 20, 17, 17, 6, 8, 6, 16]
2024-09-11 20:32:01,412 Sorting array: [15, 13, 9, 3, 2, 16, 12, 18, 5, 10, 3, 6, 14, 20, 17, 17, 6, 8, 6, 16]
2024-09-11 20:32:01,412 Sorting array: [15, 13, 9, 3, 2, 16, 12, 18, 5, 10]
2024-09-11 20:32:01,412 Sorting array: [15, 13, 9, 3, 2]
2024-09-11 20:32:01,412 Sorting array: [15, 13]
2024-09-11 20:32:01,412 Sorting array: [15]
2024-09-11 20:32:01,412 Sorting array: [13]
2024-09-11 20:32:01,412 Recombining: [15], [13]
2024-09-11 20:32:01,413 Merged array: [13, 15]
2024-09-11 20:32:01,413 Sorting array: [9, 3, 2]
2024-09-11 20:32:01,413 Sorting array: [9]
2024-09-11 20:32:01,413 Sorting array: [3, 2]
2024-09-11 20:32:01,413 Sorting array: [3]
2024-09-11 20:32:01,413 Sorting array: [2]
2024-09-11 20:32:01,413 Recombining: [3], [2]
2024-09-11 20:32:01,413 Merged array: [2, 3]
2024-09-11 20:32:01,413 Recombining: [9], [2, 3]
2024-09-11 20:32:01,413 Merged array: [2, 3, 9]
2024-09-11 20:32:01,413 Recombining: [13, 15], [2, 3, 9]
2024-09-11 20:32:01,413 Merged array: [2, 3, 9, 13, 15]
2024-09-11 20:32:01,413 Sorting array: [16, 12, 18, 5, 10]
2024-09-11 20:32:01,413 Sorting array: [16, 12]
2024-09-11 20:32:01,413 Sorting array: [16]
2024-09-11 20:32:01,413 Sorting array: [12]
2024-09-11 20:32:01,414 Recombining: [16], [12]
2024-09-11 20:32:01,414 Merged array: [12, 16]
2024-09-11 20:32:01,414 Sorting array: [18, 5, 10]
2024-09-11 20:32:01,414 Sorting array: [18]
2024-09-11 20:32:01,414 Sorting array: [5, 10]
2024-09-11 20:32:01,414 Sorting array: [5]
2024-09-11 20:32:01,414 Sorting array: [10]
2024-09-11 20:32:01,414 Recombining: [5], [10]
2024-09-11 20:32:01,414 Merged array: [5, 10]
2024-09-11 20:32:01,414 Recombining: [18], [5, 10]
2024-09-11 20:32:01,414 Merged array: [5, 10, 18]
2024-09-11 20:32:01,414 Recombining: [12, 16], [5, 10, 18]
2024-09-11 20:32:01,414 Merged array: [5, 10, 12, 16, 18]
2024-09-11 20:32:01,414 Recombining: [2, 3, 9, 13, 15], [5, 10, 12, 16, 18]
2024-09-11 20:32:01,414 Merged array: [2, 3, 5, 9, 10, 12, 13, 15, 16, 18]
2024-09-11 20:32:01,414 Sorting array: [3, 6, 14, 20, 17, 17, 6, 8, 6, 16]
2024-09-11 20:32:01,414 Sorting array: [3, 6, 14, 20, 17]
2024-09-11 20:32:01,414 Sorting array: [3, 6]
2024-09-11 20:32:01,415 Sorting array: [3]
2024-09-11 20:32:01,415 Sorting array: [6]
2024-09-11 20:32:01,415 Recombining: [3], [6]
2024-09-11 20:32:01,415 Merged array: [3, 6]
2024-09-11 20:32:01,415 Sorting array: [14, 20, 17]
2024-09-11 20:32:01,415 Sorting array: [14]
2024-09-11 20:32:01,415 Sorting array: [20, 17]
2024-09-11 20:32:01,415 Sorting array: [20]
2024-09-11 20:32:01,415 Sorting array: [17]
2024-09-11 20:32:01,415 Recombining: [20], [17]
2024-09-11 20:32:01,415 Merged array: [17, 20]
2024-09-11 20:32:01,415 Recombining: [14], [17, 20]
2024-09-11 20:32:01,415 Merged array: [14, 17, 20]
2024-09-11 20:32:01,415 Recombining: [3, 6], [14, 17, 20]
2024-09-11 20:32:01,415 Merged array: [3, 6, 14, 17, 20]
2024-09-11 20:32:01,415 Sorting array: [17, 6, 8, 6, 16]
2024-09-11 20:32:01,415 Sorting array: [17, 6]
2024-09-11 20:32:01,415 Sorting array: [17]
2024-09-11 20:32:01,415 Sorting array: [6]
2024-09-11 20:32:01,416 Recombining: [17], [6]
2024-09-11 20:32:01,416 Merged array: [6, 17]
2024-09-11 20:32:01,416 Sorting array: [8, 6, 16]
2024-09-11 20:32:01,416 Sorting array: [8]
2024-09-11 20:32:01,416 Sorting array: [6, 16]
2024-09-11 20:32:01,416 Sorting array: [6]
2024-09-11 20:32:01,416 Sorting array: [16]
2024-09-11 20:32:01,416 Recombining: [6], [16]
2024-09-11 20:32:01,416 Merged array: [6, 16]
2024-09-11 20:32:01,416 Recombining: [8], [6, 16]
2024-09-11 20:32:01,416 Merged array: [6, 8, 16]
2024-09-11 20:32:01,416 Recombining: [6, 17], [6, 8, 16]
2024-09-11 20:32:01,416 Merged array: [6, 6, 8, 16, 17]
2024-09-11 20:32:01,416 Recombining: [3, 6, 14, 17, 20], [6, 6, 8, 16, 17]
2024-09-11 20:32:01,416 Merged array: [3, 6, 6, 6, 8, 14, 16, 17, 17, 20]
2024-09-11 20:32:01,416 Recombining: [2, 3, 5, 9, 10, 12, 13, 15, 16, 18], [3, 6, 6, 6, 8, 14, 16, 17, 17, 20]
2024-09-11 20:32:01,416 Merged array: [2, 3, 3, 5, 6, 6, 6, 8, 9, 10, 12, 13, 14, 15, 16, 16, 17, 17, 18, 20]
2024-09-11 20:32:01,416 Sorted array: [2, 3, 3, 5, 6, 6, 6, 8, 9, 10, 12, 13, 14, 15, 16, 16, 17, 17, 18, 20]
